<?xml version="1.0" encoding="UTF-8"?>
<!-- Generated by org.testng.reporters.JUnitReportReporter -->
<testsuite hostname="Imran" failures="0" tests="1" name="com.myrunner.MyRunner" time="0.007" errors="0" timestamp="2022-08-04T01:04:45 CDT" skipped="0">
  <testcase classname="com.myrunner.MyRunner" name="feature" time="0.007"/>
  <system-out/>
</testsuite> <!-- com.myrunner.MyRunner -->
