<?xml version="1.0" encoding="UTF-8"?>
<!-- Generated by org.testng.reporters.JUnitReportReporter -->
<testsuite hostname="Imran" failures="0" tests="2" name="codding.BeforeMethodAfterMethod" time="0.010" errors="0" timestamp="2022-11-15T23:43:14 CST" skipped="0">
  <testcase classname="codding.BeforeMethodAfterMethod" name="testCase1" time="0.008"/>
  <system-out/>
  <testcase classname="codding.BeforeMethodAfterMethod" name="testCase2" time="0.002"/>
  <system-out/>
</testsuite> <!-- codding.BeforeMethodAfterMethod -->
