<?xml version="1.0" encoding="UTF-8"?>
<!-- Generated by org.testng.reporters.JUnitReportReporter -->
<testsuite hostname="Imran" failures="0" tests="1" name="codding.RemoveCharacter" time="0.007" errors="0" timestamp="2023-02-27T11:37:02 CST" skipped="0">
  <testcase classname="codding.RemoveCharacter" name="removeCharacter" time="0.007"/>
  <system-out/>
</testsuite> <!-- codding.RemoveCharacter -->
